{"C:\\dev\\raminfo\\index.js":{"path":"C:\\dev\\raminfo\\index.js","s":{"1":1},"b":{},"f":{},"fnMap":{},"statementMap":{"1":{"start":{"line":1,"column":0},"end":{"line":1,"column":45}}},"branchMap":{}},"C:\\dev\\raminfo\\lib\\raminfo.js":{"path":"C:\\dev\\raminfo\\lib\\raminfo.js","s":{"1":1,"2":1,"3":1,"4":1,"5":5,"6":5,"7":5,"8":5,"9":5,"10":1,"11":9,"12":9,"13":8,"14":1,"15":1,"16":1,"17":1,"18":5,"19":5,"20":5,"21":2,"22":5,"23":5,"24":1,"25":4,"26":2,"27":1,"28":1,"29":1,"30":1,"31":1,"32":1,"33":4,"34":4,"35":4,"36":1,"37":3,"38":1,"39":2,"40":6,"41":2,"42":4,"43":3,"44":1},"b":{"1":[5,2],"2":[5,3],"3":[5,4],"4":[5,4],"5":[9,1],"6":[2,3],"7":[1,4],"8":[2,2],"9":[1,3],"10":[1,2],"11":[2,4]},"f":{"1":5,"2":9,"3":1,"4":5,"5":5,"6":1,"7":1,"8":4,"9":4,"10":6,"11":3},"fnMap":{"1":{"name":"(anonymous_1)","line":11,"loc":{"start":{"line":11,"column":28},"end":{"line":11,"column":45}}},"2":{"name":"(anonymous_2)","line":33,"loc":{"start":{"line":33,"column":14},"end":{"line":33,"column":26}}},"3":{"name":"(anonymous_3)","line":38,"loc":{"start":{"line":38,"column":14},"end":{"line":38,"column":25}}},"4":{"name":"(anonymous_4)","line":45,"loc":{"start":{"line":45,"column":15},"end":{"line":45,"column":32}}},"5":{"name":"(anonymous_5)","line":54,"loc":{"start":{"line":54,"column":53},"end":{"line":54,"column":67}}},"6":{"name":"(anonymous_6)","line":62,"loc":{"start":{"line":62,"column":14},"end":{"line":62,"column":25}}},"7":{"name":"(anonymous_7)","line":70,"loc":{"start":{"line":70,"column":18},"end":{"line":70,"column":29}}},"8":{"name":"(anonymous_8)","line":81,"loc":{"start":{"line":81,"column":20},"end":{"line":81,"column":31}}},"9":{"name":"(anonymous_9)","line":84,"loc":{"start":{"line":84,"column":27},"end":{"line":84,"column":48}}},"10":{"name":"(anonymous_10)","line":89,"loc":{"start":{"line":89,"column":18},"end":{"line":89,"column":33}}},"11":{"name":"(anonymous_11)","line":93,"loc":{"start":{"line":93,"column":43},"end":{"line":93,"column":57}}}},"statementMap":{"1":{"start":{"line":1,"column":0},"end":{"line":3,"column":78}},"2":{"start":{"line":6,"column":0},"end":{"line":6,"column":23}},"3":{"start":{"line":9,"column":0},"end":{"line":9,"column":17}},"4":{"start":{"line":11,"column":0},"end":{"line":33,"column":0}},"5":{"start":{"line":12,"column":2},"end":{"line":12,"column":26}},"6":{"start":{"line":14,"column":2},"end":{"line":16,"column":39}},"7":{"start":{"line":18,"column":2},"end":{"line":20,"column":36}},"8":{"start":{"line":22,"column":2},"end":{"line":24,"column":45}},"9":{"start":{"line":26,"column":2},"end":{"line":30,"column":4}},"10":{"start":{"line":33,"column":0},"end":{"line":36,"column":2}},"11":{"start":{"line":34,"column":2},"end":{"line":34,"column":14}},"12":{"start":{"line":35,"column":2},"end":{"line":35,"column":39}},"13":{"start":{"line":35,"column":20},"end":{"line":35,"column":39}},"14":{"start":{"line":38,"column":0},"end":{"line":43,"column":2}},"15":{"start":{"line":39,"column":2},"end":{"line":40,"column":54}},"16":{"start":{"line":42,"column":2},"end":{"line":42,"column":42}},"17":{"start":{"line":45,"column":0},"end":{"line":60,"column":2}},"18":{"start":{"line":47,"column":2},"end":{"line":49,"column":54}},"19":{"start":{"line":50,"column":6},"end":{"line":50,"column":33}},"20":{"start":{"line":52,"column":2},"end":{"line":52,"column":29}},"21":{"start":{"line":52,"column":13},"end":{"line":52,"column":29}},"22":{"start":{"line":54,"column":2},"end":{"line":58,"column":5}},"23":{"start":{"line":55,"column":4},"end":{"line":55,"column":71}},"24":{"start":{"line":55,"column":12},"end":{"line":55,"column":71}},"25":{"start":{"line":57,"column":4},"end":{"line":57,"column":55}},"26":{"start":{"line":57,"column":25},"end":{"line":57,"column":55}},"27":{"start":{"line":62,"column":0},"end":{"line":65,"column":2}},"28":{"start":{"line":64,"column":2},"end":{"line":64,"column":18}},"29":{"start":{"line":70,"column":0},"end":{"line":77,"column":2}},"30":{"start":{"line":72,"column":2},"end":{"line":73,"column":54}},"31":{"start":{"line":76,"column":2},"end":{"line":76,"column":38}},"32":{"start":{"line":81,"column":0},"end":{"line":100,"column":2}},"33":{"start":{"line":82,"column":2},"end":{"line":82,"column":18}},"34":{"start":{"line":84,"column":2},"end":{"line":98,"column":5}},"35":{"start":{"line":85,"column":4},"end":{"line":85,"column":67}},"36":{"start":{"line":85,"column":12},"end":{"line":85,"column":67}},"37":{"start":{"line":87,"column":4},"end":{"line":87,"column":77}},"38":{"start":{"line":87,"column":27},"end":{"line":87,"column":77}},"39":{"start":{"line":89,"column":4},"end":{"line":97,"column":7}},"40":{"start":{"line":91,"column":6},"end":{"line":91,"column":39}},"41":{"start":{"line":91,"column":32},"end":{"line":91,"column":39}},"42":{"start":{"line":93,"column":6},"end":{"line":96,"column":9}},"43":{"start":{"line":95,"column":8},"end":{"line":95,"column":37}},"44":{"start":{"line":104,"column":0},"end":{"line":104,"column":25}}},"branchMap":{"1":{"line":12,"type":"binary-expr","locations":[{"start":{"line":12,"column":12},"end":{"line":12,"column":19}},{"start":{"line":12,"column":23},"end":{"line":12,"column":25}}]},"2":{"line":14,"type":"binary-expr","locations":[{"start":{"line":14,"column":12},"end":{"line":14,"column":23}},{"start":{"line":14,"column":27},"end":{"line":14,"column":28}}]},"3":{"line":15,"type":"binary-expr","locations":[{"start":{"line":15,"column":18},"end":{"line":15,"column":35}},{"start":{"line":15,"column":39},"end":{"line":15,"column":40}}]},"4":{"line":16,"type":"binary-expr","locations":[{"start":{"line":16,"column":17},"end":{"line":16,"column":33}},{"start":{"line":16,"column":37},"end":{"line":16,"column":38}}]},"5":{"line":34,"type":"binary-expr","locations":[{"start":{"line":34,"column":6},"end":{"line":34,"column":7}},{"start":{"line":34,"column":11},"end":{"line":34,"column":13}}]},"6":{"line":52,"type":"if","locations":[{"start":{"line":52,"column":2},"end":{"line":52,"column":2}},{"start":{"line":52,"column":2},"end":{"line":52,"column":2}}]},"7":{"line":55,"type":"if","locations":[{"start":{"line":55,"column":4},"end":{"line":55,"column":4}},{"start":{"line":55,"column":4},"end":{"line":55,"column":4}}]},"8":{"line":57,"type":"if","locations":[{"start":{"line":57,"column":4},"end":{"line":57,"column":4}},{"start":{"line":57,"column":4},"end":{"line":57,"column":4}}]},"9":{"line":85,"type":"if","locations":[{"start":{"line":85,"column":4},"end":{"line":85,"column":4}},{"start":{"line":85,"column":4},"end":{"line":85,"column":4}}]},"10":{"line":87,"type":"if","locations":[{"start":{"line":87,"column":4},"end":{"line":87,"column":4}},{"start":{"line":87,"column":4},"end":{"line":87,"column":4}}]},"11":{"line":91,"type":"if","locations":[{"start":{"line":91,"column":6},"end":{"line":91,"column":6}},{"start":{"line":91,"column":6},"end":{"line":91,"column":6}}]}}}}