TN:
SF:C:\dev\raminfo\index.js
FNF:0
FNH:0
DA:1,1
LF:1
LH:1
BRF:0
BRH:0
end_of_record
TN:
SF:C:\dev\raminfo\lib\raminfo.js
FN:11,(anonymous_1)
FN:33,(anonymous_2)
FN:38,(anonymous_3)
FN:45,(anonymous_4)
FN:54,(anonymous_5)
FN:62,(anonymous_6)
FN:70,(anonymous_7)
FN:81,(anonymous_8)
FN:84,(anonymous_9)
FN:89,(anonymous_10)
FN:93,(anonymous_11)
FNF:11
FNH:11
FNDA:5,(anonymous_1)
FNDA:9,(anonymous_2)
FNDA:1,(anonymous_3)
FNDA:5,(anonymous_4)
FNDA:5,(anonymous_5)
FNDA:1,(anonymous_6)
FNDA:1,(anonymous_7)
FNDA:4,(anonymous_8)
FNDA:4,(anonymous_9)
FNDA:6,(anonymous_10)
FNDA:3,(anonymous_11)
DA:1,1
DA:6,1
DA:9,1
DA:11,1
DA:12,5
DA:14,5
DA:18,5
DA:22,5
DA:26,5
DA:33,1
DA:34,9
DA:35,9
DA:38,1
DA:39,1
DA:42,1
DA:45,1
DA:47,5
DA:50,5
DA:52,5
DA:54,5
DA:55,5
DA:57,4
DA:62,1
DA:64,1
DA:70,1
DA:72,1
DA:76,1
DA:81,1
DA:82,4
DA:84,4
DA:85,4
DA:87,3
DA:89,2
DA:91,6
DA:93,4
DA:95,3
DA:104,1
LF:37
LH:37
BRDA:12,1,0,5
BRDA:12,1,1,2
BRDA:14,2,0,5
BRDA:14,2,1,3
BRDA:15,3,0,5
BRDA:15,3,1,4
BRDA:16,4,0,5
BRDA:16,4,1,4
BRDA:34,5,0,9
BRDA:34,5,1,1
BRDA:52,6,0,2
BRDA:52,6,1,3
BRDA:55,7,0,1
BRDA:55,7,1,4
BRDA:57,8,0,2
BRDA:57,8,1,2
BRDA:85,9,0,1
BRDA:85,9,1,3
BRDA:87,10,0,1
BRDA:87,10,1,2
BRDA:91,11,0,2
BRDA:91,11,1,4
BRF:22
BRH:22
end_of_record
